/home/vinicius/siri/assert-v0.14b/bin/prepare-for-framenet-all-targets-batch.csh assert7247038656336921372.sentences assert7247038656336921372.fn-test
parseStdin: max sentence length set to 399
classifying passive targets.
Traceback (most recent call last):
  File "/home/vinicius/siri/assert-v0.14b/bin/classify_passives.py", line 66, in <module>
    os.remove(sys.argv[3])
OSError: [Errno 2] No such file or directory: 'assert7247038656336921372.tmp'
Illegal variable name.
/home/vinicius/siri/assert-v0.14b//scripts/assert: line 255: assert7247038656336921372.data: No such file or directory
Traceback (most recent call last):
  File "/home/vinicius/siri/assert-v0.14b/bin/remove-overlaps.py", line 17, in <module>
    score_file_lines       = open(sys.argv[1]).readlines()
IOError: [Errno 2] No such file or directory: 'assert7247038656336921372.svm-scores'
ERROR: Found an empty input file... exiting.
